------------------------------------------------------------------------------------------------------------------------

[2022-05-15 17:09:38 #1 store] 
Database 'C:\Users\Oihan\config\db\bets.temp' is opened by 2200@DESKTOP-RFR36DB

[2022-05-15 17:09:38 #2 store] 
Configuration path: ?

[2022-05-15 17:09:38 #3 type.registry] 
New type domain.Event

[2022-05-15 17:09:38 #4 type] 
Type domain.Event is not enhanced.

[2022-05-15 17:09:38 #5 type.registry] 
New type domain.Question

[2022-05-15 17:09:38 #6 type.registry] 
New type domain.Match

[2022-05-15 17:09:38 #7 type] 
Type domain.Question is not enhanced.

[2022-05-15 17:09:38 #8 type.registry] 
New type domain.Forecast

[2022-05-15 17:09:38 #9 type] 
Type domain.Match is not enhanced.

[2022-05-15 17:09:38 #10 type.registry] 
New type domain.Match$Score

[2022-05-15 17:09:38 #11 type.registry] 
New type domain.Team

[2022-05-15 17:09:38 #12 type.registry] 
New type domain.Competition

[2022-05-15 17:09:38 #13 type] 
Type domain.Forecast is not enhanced.

[2022-05-15 17:09:38 #14 type] 
Type domain.Competition is not enhanced.

[2022-05-15 17:09:38 #15 type.registry] 
New type domain.Area

[2022-05-15 17:09:38 #16 type] 
Type domain.Area is not enhanced.

[2022-05-15 17:09:38 #17 type.registry] 
New type domain.User

[2022-05-15 17:09:38 #18 type] 
Type domain.User is not enhanced.

[2022-05-15 17:09:38 #19 type.registry] 
New type domain.Bet

[2022-05-15 17:09:38 #20 type.registry] 
New type domain.Card

[2022-05-15 17:09:38 #21 type.registry] 
New type byte[]

[2022-05-15 17:09:38 #22 type] 
Type domain.Bet is not enhanced.

[2022-05-15 17:09:38 #23 type] 
Type domain.Card is not enhanced.

[2022-05-15 17:09:38 #24 type.registry] 
New type domain.Transaction

[2022-05-15 17:09:38 #25 type] 
Type domain.Transaction is not enhanced.

[2022-05-15 17:09:39 #26 type.registry] 
New type java.util.ArrayList<java.lang.Object>

[2022-05-15 17:09:39 #27 type.registry] 
New type java.util.ArrayList<domain.Question>

[2022-05-15 17:09:39 #28 type.registry] 
New type java.util.ArrayList<domain.Bet>

[2022-05-15 17:09:39 #29 type.registry] 
New type java.util.ArrayList<domain.Transaction>

[2022-05-15 17:09:39 #30 type.registry] 
New type java.util.ArrayList<domain.Forecast>

