------------------------------------------------------------------------------------------------------------------------

[2022-05-12 00:02:31 #1 store] 
Database 'C:\Users\Oihan\config\db\bets.temp' is opened by 18148@DESKTOP-RFR36DB

[2022-05-12 00:02:31 #2 store] 
Configuration path: ?

[2022-05-12 00:02:31 #3 type.registry] 
New type domain.Event

[2022-05-12 00:02:31 #4 type] 
Type domain.Event is not enhanced.

[2022-05-12 00:02:31 #5 type.registry] 
New type domain.Question

[2022-05-12 00:02:31 #6 type] 
Type domain.Question is not enhanced.

[2022-05-12 00:02:31 #7 type.registry] 
New type domain.Forecast

[2022-05-12 00:02:31 #8 type] 
Type domain.Forecast is not enhanced.

[2022-05-12 00:02:31 #9 type.registry] 
New type domain.User

[2022-05-12 00:02:31 #10 type] 
Type domain.User is not enhanced.

[2022-05-12 00:02:31 #11 type.registry] 
New type domain.Bet

[2022-05-12 00:02:31 #12 type.registry] 
New type domain.Card

[2022-05-12 00:02:31 #13 type.registry] 
New type byte[]

[2022-05-12 00:02:31 #14 type] 
Type domain.Bet is not enhanced.

[2022-05-12 00:02:31 #15 type] 
Type domain.Card is not enhanced.

[2022-05-12 00:02:31 #16 type.registry] 
New type domain.Transaction

[2022-05-12 00:02:31 #17 type] 
Type domain.Transaction is not enhanced.

[2022-05-12 00:02:31 #18 type.registry] 
New type java.util.ArrayList<java.lang.Object>

[2022-05-12 00:02:31 #19 type.registry] 
New type java.util.ArrayList<domain.Question>

[2022-05-12 00:02:31 #20 type.registry] 
New type java.util.ArrayList<domain.Bet>

[2022-05-12 00:02:31 #21 type.registry] 
New type java.util.ArrayList<domain.Transaction>

[2022-05-12 00:02:31 #22 type.registry] 
New type java.util.ArrayList<domain.Forecast>

------------------------------------------------------------------------------------------------------------------------

[2022-05-12 00:04:29 #1 store] 
Database 'C:\Users\Oihan\IdeaProjects\betandruin2022\db\bets.temp' is opened by 2172@DESKTOP-RFR36DB

[2022-05-12 00:04:29 #2 store] 
Configuration path: ?

[2022-05-12 00:04:30 #3 type.registry] 
New type domain.Event

[2022-05-12 00:04:30 #4 type] 
Type domain.Event is not enhanced.

[2022-05-12 00:04:30 #5 type.registry] 
New type domain.Question

[2022-05-12 00:04:30 #6 type] 
Type domain.Question is not enhanced.

[2022-05-12 00:04:30 #7 type.registry] 
New type domain.Forecast

[2022-05-12 00:04:30 #8 type] 
Type domain.Forecast is not enhanced.

[2022-05-12 00:04:30 #9 type.registry] 
New type domain.User

[2022-05-12 00:04:30 #10 type] 
Type domain.User is not enhanced.

[2022-05-12 00:04:30 #11 type.registry] 
New type domain.Bet

[2022-05-12 00:04:30 #12 type.registry] 
New type domain.Card

[2022-05-12 00:04:30 #13 type.registry] 
New type byte[]

[2022-05-12 00:04:30 #14 type] 
Type domain.Bet is not enhanced.

[2022-05-12 00:04:30 #15 type] 
Type domain.Card is not enhanced.

[2022-05-12 00:04:30 #16 type.registry] 
New type domain.Transaction

[2022-05-12 00:04:30 #17 type] 
Type domain.Transaction is not enhanced.

[2022-05-12 00:04:30 #18 type.registry] 
New type java.util.ArrayList<java.lang.Object>

[2022-05-12 00:04:30 #19 type.registry] 
New type java.util.ArrayList<domain.Question>

[2022-05-12 00:04:30 #20 type.registry] 
New type java.util.ArrayList<domain.Bet>

[2022-05-12 00:04:30 #21 type.registry] 
New type java.util.ArrayList<domain.Transaction>

[2022-05-12 00:04:30 #22 type.registry] 
New type java.util.ArrayList<domain.Forecast>

------------------------------------------------------------------------------------------------------------------------

[2022-05-12 00:10:28 #1 store] 
Database 'C:\Users\Oihan\config\db\bets.temp' is opened by 19540@DESKTOP-RFR36DB

[2022-05-12 00:10:28 #2 store] 
Configuration path: ?

[2022-05-12 00:10:28 #3 type.registry] 
New type domain.Event

[2022-05-12 00:10:28 #4 type] 
Type domain.Event is not enhanced.

[2022-05-12 00:10:28 #5 type.registry] 
New type domain.Question

[2022-05-12 00:10:28 #6 type] 
Type domain.Question is not enhanced.

[2022-05-12 00:10:28 #7 type.registry] 
New type domain.Forecast

[2022-05-12 00:10:28 #8 type] 
Type domain.Forecast is not enhanced.

[2022-05-12 00:10:28 #9 type.registry] 
New type domain.User

[2022-05-12 00:10:28 #10 type] 
Type domain.User is not enhanced.

[2022-05-12 00:10:28 #11 type.registry] 
New type domain.Bet

[2022-05-12 00:10:28 #12 type.registry] 
New type domain.Card

[2022-05-12 00:10:28 #13 type.registry] 
New type byte[]

[2022-05-12 00:10:28 #14 type] 
Type domain.Bet is not enhanced.

[2022-05-12 00:10:28 #15 type] 
Type domain.Card is not enhanced.

[2022-05-12 00:10:28 #16 type.registry] 
New type domain.Transaction

[2022-05-12 00:10:28 #17 type] 
Type domain.Transaction is not enhanced.

[2022-05-12 00:10:28 #18 type.registry] 
New type java.util.ArrayList<java.lang.Object>

[2022-05-12 00:10:28 #19 type.registry] 
New type java.util.ArrayList<domain.Question>

[2022-05-12 00:10:28 #20 type.registry] 
New type java.util.ArrayList<domain.Bet>

[2022-05-12 00:10:28 #21 type.registry] 
New type java.util.ArrayList<domain.Transaction>

[2022-05-12 00:10:28 #22 type.registry] 
New type java.util.ArrayList<domain.Forecast>

------------------------------------------------------------------------------------------------------------------------

[2022-05-12 00:10:46 #1 store] 
Database 'C:\Users\Oihan\config\db\bets.temp' is opened by 10604@DESKTOP-RFR36DB

[2022-05-12 00:10:46 #2 store] 
Configuration path: ?

[2022-05-12 00:10:47 #3 type.registry] 
New type domain.Event

[2022-05-12 00:10:47 #4 type] 
Type domain.Event is not enhanced.

[2022-05-12 00:10:47 #5 type.registry] 
New type domain.Question

[2022-05-12 00:10:47 #6 type] 
Type domain.Question is not enhanced.

[2022-05-12 00:10:47 #7 type.registry] 
New type domain.Forecast

[2022-05-12 00:10:47 #8 type] 
Type domain.Forecast is not enhanced.

[2022-05-12 00:10:47 #9 type.registry] 
New type domain.User

[2022-05-12 00:10:47 #10 type] 
Type domain.User is not enhanced.

[2022-05-12 00:10:47 #11 type.registry] 
New type domain.Bet

[2022-05-12 00:10:47 #12 type.registry] 
New type domain.Card

[2022-05-12 00:10:47 #13 type.registry] 
New type byte[]

[2022-05-12 00:10:47 #14 type] 
Type domain.Bet is not enhanced.

[2022-05-12 00:10:47 #15 type] 
Type domain.Card is not enhanced.

[2022-05-12 00:10:47 #16 type.registry] 
New type domain.Transaction

[2022-05-12 00:10:47 #17 type] 
Type domain.Transaction is not enhanced.

[2022-05-12 00:10:47 #18 type.registry] 
New type java.util.ArrayList<java.lang.Object>

[2022-05-12 00:10:47 #19 type.registry] 
New type java.util.ArrayList<domain.Question>

[2022-05-12 00:10:47 #20 type.registry] 
New type java.util.ArrayList<domain.Bet>

[2022-05-12 00:10:47 #21 type.registry] 
New type java.util.ArrayList<domain.Transaction>

[2022-05-12 00:10:47 #22 type.registry] 
New type java.util.ArrayList<domain.Forecast>

------------------------------------------------------------------------------------------------------------------------

[2022-05-12 00:11:56 #1 store] 
Database 'C:\Users\Oihan\config\db\bets.temp' is opened by 17060@DESKTOP-RFR36DB

[2022-05-12 00:11:56 #2 store] 
Configuration path: ?

[2022-05-12 00:11:56 #3 type.registry] 
New type domain.Event

[2022-05-12 00:11:56 #4 type] 
Type domain.Event is not enhanced.

[2022-05-12 00:11:56 #5 type.registry] 
New type domain.Question

[2022-05-12 00:11:56 #6 type] 
Type domain.Question is not enhanced.

[2022-05-12 00:11:56 #7 type.registry] 
New type domain.Forecast

[2022-05-12 00:11:56 #8 type] 
Type domain.Forecast is not enhanced.

[2022-05-12 00:11:56 #9 type.registry] 
New type domain.User

[2022-05-12 00:11:56 #10 type] 
Type domain.User is not enhanced.

[2022-05-12 00:11:56 #11 type.registry] 
New type domain.Bet

[2022-05-12 00:11:56 #12 type.registry] 
New type domain.Card

[2022-05-12 00:11:56 #13 type.registry] 
New type byte[]

[2022-05-12 00:11:56 #14 type] 
Type domain.Bet is not enhanced.

[2022-05-12 00:11:56 #15 type] 
Type domain.Card is not enhanced.

[2022-05-12 00:11:56 #16 type.registry] 
New type domain.Transaction

[2022-05-12 00:11:56 #17 type] 
Type domain.Transaction is not enhanced.

[2022-05-12 00:11:56 #18 type.registry] 
New type java.util.ArrayList<java.lang.Object>

[2022-05-12 00:11:56 #19 type.registry] 
New type java.util.ArrayList<domain.Question>

[2022-05-12 00:11:56 #20 type.registry] 
New type java.util.ArrayList<domain.Bet>

[2022-05-12 00:11:56 #21 type.registry] 
New type java.util.ArrayList<domain.Transaction>

[2022-05-12 00:11:56 #22 type.registry] 
New type java.util.ArrayList<domain.Forecast>

------------------------------------------------------------------------------------------------------------------------

[2022-05-12 00:12:44 #1 store] 
Database 'C:\Users\Oihan\config\db\bets.temp' is opened by 8856@DESKTOP-RFR36DB

[2022-05-12 00:12:44 #2 store] 
Configuration path: ?

[2022-05-12 00:12:44 #3 type.registry] 
New type domain.Event

[2022-05-12 00:12:44 #4 type] 
Type domain.Event is not enhanced.

[2022-05-12 00:12:44 #5 type.registry] 
New type domain.Question

[2022-05-12 00:12:44 #6 type] 
Type domain.Question is not enhanced.

[2022-05-12 00:12:44 #7 type.registry] 
New type domain.Forecast

[2022-05-12 00:12:44 #8 type] 
Type domain.Forecast is not enhanced.

[2022-05-12 00:12:44 #9 type.registry] 
New type domain.User

[2022-05-12 00:12:44 #10 type] 
Type domain.User is not enhanced.

[2022-05-12 00:12:44 #11 type.registry] 
New type domain.Bet

[2022-05-12 00:12:44 #12 type.registry] 
New type domain.Card

[2022-05-12 00:12:44 #13 type.registry] 
New type byte[]

[2022-05-12 00:12:44 #14 type] 
Type domain.Bet is not enhanced.

[2022-05-12 00:12:44 #15 type] 
Type domain.Card is not enhanced.

[2022-05-12 00:12:44 #16 type.registry] 
New type domain.Transaction

[2022-05-12 00:12:44 #17 type] 
Type domain.Transaction is not enhanced.

[2022-05-12 00:12:44 #18 type.registry] 
New type java.util.ArrayList<java.lang.Object>

[2022-05-12 00:12:44 #19 type.registry] 
New type java.util.ArrayList<domain.Question>

[2022-05-12 00:12:44 #20 type.registry] 
New type java.util.ArrayList<domain.Bet>

[2022-05-12 00:12:44 #21 type.registry] 
New type java.util.ArrayList<domain.Transaction>

[2022-05-12 00:12:44 #22 type.registry] 
New type java.util.ArrayList<domain.Forecast>

------------------------------------------------------------------------------------------------------------------------

[2022-05-12 00:12:47 #1 store] 
Database 'C:\Users\Oihan\config\db\bets.temp' is opened by 8512@DESKTOP-RFR36DB

[2022-05-12 00:12:47 #2 store] 
Configuration path: ?

[2022-05-12 00:12:47 #3 type.registry] 
New type domain.Event

[2022-05-12 00:12:47 #4 type] 
Type domain.Event is not enhanced.

[2022-05-12 00:12:47 #5 type.registry] 
New type domain.Question

[2022-05-12 00:12:47 #6 type] 
Type domain.Question is not enhanced.

[2022-05-12 00:12:47 #7 type.registry] 
New type domain.Forecast

[2022-05-12 00:12:47 #8 type] 
Type domain.Forecast is not enhanced.

[2022-05-12 00:12:47 #9 type.registry] 
New type domain.User

[2022-05-12 00:12:47 #10 type] 
Type domain.User is not enhanced.

[2022-05-12 00:12:47 #11 type.registry] 
New type domain.Bet

[2022-05-12 00:12:47 #12 type.registry] 
New type domain.Card

[2022-05-12 00:12:47 #13 type.registry] 
New type byte[]

[2022-05-12 00:12:47 #14 type] 
Type domain.Bet is not enhanced.

[2022-05-12 00:12:47 #15 type] 
Type domain.Card is not enhanced.

[2022-05-12 00:12:47 #16 type.registry] 
New type domain.Transaction

[2022-05-12 00:12:47 #17 type] 
Type domain.Transaction is not enhanced.

[2022-05-12 00:12:47 #18 type.registry] 
New type java.util.ArrayList<java.lang.Object>

[2022-05-12 00:12:47 #19 type.registry] 
New type java.util.ArrayList<domain.Question>

[2022-05-12 00:12:47 #20 type.registry] 
New type java.util.ArrayList<domain.Bet>

[2022-05-12 00:12:47 #21 type.registry] 
New type java.util.ArrayList<domain.Transaction>

[2022-05-12 00:12:47 #22 type.registry] 
New type java.util.ArrayList<domain.Forecast>

------------------------------------------------------------------------------------------------------------------------

[2022-05-12 00:12:48 #1 store] 
Database 'C:\Users\Oihan\config\db\bets.temp' is opened by 14280@DESKTOP-RFR36DB

[2022-05-12 00:12:48 #2 store] 
Configuration path: ?

[2022-05-12 00:12:48 #3 type.registry] 
New type domain.Event

[2022-05-12 00:12:48 #4 type] 
Type domain.Event is not enhanced.

[2022-05-12 00:12:48 #5 type.registry] 
New type domain.Question

[2022-05-12 00:12:48 #6 type] 
Type domain.Question is not enhanced.

[2022-05-12 00:12:48 #7 type.registry] 
New type domain.Forecast

[2022-05-12 00:12:48 #8 type] 
Type domain.Forecast is not enhanced.

[2022-05-12 00:12:48 #9 type.registry] 
New type domain.User

[2022-05-12 00:12:48 #10 type] 
Type domain.User is not enhanced.

[2022-05-12 00:12:48 #11 type.registry] 
New type domain.Bet

[2022-05-12 00:12:48 #12 type.registry] 
New type domain.Card

[2022-05-12 00:12:48 #13 type.registry] 
New type byte[]

[2022-05-12 00:12:48 #14 type] 
Type domain.Bet is not enhanced.

[2022-05-12 00:12:48 #15 type] 
Type domain.Card is not enhanced.

[2022-05-12 00:12:48 #16 type.registry] 
New type domain.Transaction

[2022-05-12 00:12:48 #17 type] 
Type domain.Transaction is not enhanced.

[2022-05-12 00:12:48 #18 type.registry] 
New type java.util.ArrayList<java.lang.Object>

[2022-05-12 00:12:48 #19 type.registry] 
New type java.util.ArrayList<domain.Question>

[2022-05-12 00:12:48 #20 type.registry] 
New type java.util.ArrayList<domain.Bet>

[2022-05-12 00:12:48 #21 type.registry] 
New type java.util.ArrayList<domain.Transaction>

[2022-05-12 00:12:48 #22 type.registry] 
New type java.util.ArrayList<domain.Forecast>

------------------------------------------------------------------------------------------------------------------------

[2022-05-12 00:12:50 #1 store] 
Database 'C:\Users\Oihan\config\db\bets.temp' is opened by 18808@DESKTOP-RFR36DB

[2022-05-12 00:12:50 #2 store] 
Configuration path: ?

[2022-05-12 00:12:50 #3 type.registry] 
New type domain.Event

[2022-05-12 00:12:50 #4 type] 
Type domain.Event is not enhanced.

[2022-05-12 00:12:50 #5 type.registry] 
New type domain.Question

[2022-05-12 00:12:50 #6 type] 
Type domain.Question is not enhanced.

[2022-05-12 00:12:50 #7 type.registry] 
New type domain.Forecast

[2022-05-12 00:12:50 #8 type] 
Type domain.Forecast is not enhanced.

[2022-05-12 00:12:50 #9 type.registry] 
New type domain.User

[2022-05-12 00:12:50 #10 type] 
Type domain.User is not enhanced.

[2022-05-12 00:12:50 #11 type.registry] 
New type domain.Bet

[2022-05-12 00:12:50 #12 type.registry] 
New type domain.Card

[2022-05-12 00:12:50 #13 type.registry] 
New type byte[]

[2022-05-12 00:12:50 #14 type] 
Type domain.Bet is not enhanced.

[2022-05-12 00:12:50 #15 type] 
Type domain.Card is not enhanced.

[2022-05-12 00:12:50 #16 type.registry] 
New type domain.Transaction

[2022-05-12 00:12:50 #17 type] 
Type domain.Transaction is not enhanced.

[2022-05-12 00:12:50 #18 type.registry] 
New type java.util.ArrayList<java.lang.Object>

[2022-05-12 00:12:50 #19 type.registry] 
New type java.util.ArrayList<domain.Question>

[2022-05-12 00:12:50 #20 type.registry] 
New type java.util.ArrayList<domain.Bet>

[2022-05-12 00:12:50 #21 type.registry] 
New type java.util.ArrayList<domain.Transaction>

[2022-05-12 00:12:50 #22 type.registry] 
New type java.util.ArrayList<domain.Forecast>

------------------------------------------------------------------------------------------------------------------------

[2022-05-12 00:13:02 #1 store] 
Database 'C:\Users\Oihan\config\db\bets.temp' is opened by 8928@DESKTOP-RFR36DB

[2022-05-12 00:13:02 #2 store] 
Configuration path: ?

[2022-05-12 00:13:02 #3 type.registry] 
New type domain.Event

[2022-05-12 00:13:02 #4 type] 
Type domain.Event is not enhanced.

[2022-05-12 00:13:02 #5 type.registry] 
New type domain.Question

[2022-05-12 00:13:02 #6 type] 
Type domain.Question is not enhanced.

[2022-05-12 00:13:02 #7 type.registry] 
New type domain.Forecast

[2022-05-12 00:13:02 #8 type] 
Type domain.Forecast is not enhanced.

[2022-05-12 00:13:02 #9 type.registry] 
New type domain.User

[2022-05-12 00:13:02 #10 type] 
Type domain.User is not enhanced.

[2022-05-12 00:13:02 #11 type.registry] 
New type domain.Bet

[2022-05-12 00:13:02 #12 type.registry] 
New type domain.Card

[2022-05-12 00:13:02 #13 type.registry] 
New type byte[]

[2022-05-12 00:13:02 #14 type] 
Type domain.Bet is not enhanced.

[2022-05-12 00:13:02 #15 type] 
Type domain.Card is not enhanced.

[2022-05-12 00:13:02 #16 type.registry] 
New type domain.Transaction

[2022-05-12 00:13:02 #17 type] 
Type domain.Transaction is not enhanced.

[2022-05-12 00:13:02 #18 type.registry] 
New type java.util.ArrayList<java.lang.Object>

[2022-05-12 00:13:02 #19 type.registry] 
New type java.util.ArrayList<domain.Question>

[2022-05-12 00:13:02 #20 type.registry] 
New type java.util.ArrayList<domain.Bet>

[2022-05-12 00:13:02 #21 type.registry] 
New type java.util.ArrayList<domain.Transaction>

[2022-05-12 00:13:02 #22 type.registry] 
New type java.util.ArrayList<domain.Forecast>

------------------------------------------------------------------------------------------------------------------------

[2022-05-12 00:13:09 #1 store] 
Database 'C:\Users\Oihan\config\db\bets.temp' is opened by 19036@DESKTOP-RFR36DB

[2022-05-12 00:13:09 #2 store] 
Configuration path: ?

[2022-05-12 00:13:09 #3 type.registry] 
New type domain.Event

[2022-05-12 00:13:09 #4 type] 
Type domain.Event is not enhanced.

[2022-05-12 00:13:10 #5 type.registry] 
New type domain.Question

[2022-05-12 00:13:10 #6 type] 
Type domain.Question is not enhanced.

[2022-05-12 00:13:10 #7 type.registry] 
New type domain.Forecast

[2022-05-12 00:13:10 #8 type] 
Type domain.Forecast is not enhanced.

[2022-05-12 00:13:10 #9 type.registry] 
New type domain.User

[2022-05-12 00:13:10 #10 type] 
Type domain.User is not enhanced.

[2022-05-12 00:13:10 #11 type.registry] 
New type domain.Bet

[2022-05-12 00:13:10 #12 type.registry] 
New type domain.Card

[2022-05-12 00:13:10 #13 type.registry] 
New type byte[]

[2022-05-12 00:13:10 #14 type] 
Type domain.Bet is not enhanced.

[2022-05-12 00:13:10 #15 type] 
Type domain.Card is not enhanced.

[2022-05-12 00:13:10 #16 type.registry] 
New type domain.Transaction

[2022-05-12 00:13:10 #17 type] 
Type domain.Transaction is not enhanced.

[2022-05-12 00:13:10 #18 type.registry] 
New type java.util.ArrayList<java.lang.Object>

[2022-05-12 00:13:10 #19 type.registry] 
New type java.util.ArrayList<domain.Question>

[2022-05-12 00:13:10 #20 type.registry] 
New type java.util.ArrayList<domain.Bet>

[2022-05-12 00:13:10 #21 type.registry] 
New type java.util.ArrayList<domain.Transaction>

[2022-05-12 00:13:10 #22 type.registry] 
New type java.util.ArrayList<domain.Forecast>

------------------------------------------------------------------------------------------------------------------------

[2022-05-12 00:15:10 #1 store] 
Database 'C:\Users\Oihan\config\db\bets.temp' is opened by 22440@DESKTOP-RFR36DB

[2022-05-12 00:15:10 #2 store] 
Configuration path: ?

[2022-05-12 00:15:10 #3 type.registry] 
New type domain.Event

[2022-05-12 00:15:10 #4 type] 
Type domain.Event is not enhanced.

[2022-05-12 00:15:10 #5 type.registry] 
New type domain.Question

[2022-05-12 00:15:10 #6 type] 
Type domain.Question is not enhanced.

[2022-05-12 00:15:10 #7 type.registry] 
New type domain.Forecast

[2022-05-12 00:15:10 #8 type] 
Type domain.Forecast is not enhanced.

[2022-05-12 00:15:10 #9 type.registry] 
New type domain.User

[2022-05-12 00:15:10 #10 type] 
Type domain.User is not enhanced.

[2022-05-12 00:15:10 #11 type.registry] 
New type domain.Bet

[2022-05-12 00:15:10 #12 type.registry] 
New type domain.Card

[2022-05-12 00:15:10 #13 type.registry] 
New type byte[]

[2022-05-12 00:15:10 #14 type] 
Type domain.Bet is not enhanced.

[2022-05-12 00:15:10 #15 type] 
Type domain.Card is not enhanced.

[2022-05-12 00:15:10 #16 type.registry] 
New type domain.Transaction

[2022-05-12 00:15:10 #17 type] 
Type domain.Transaction is not enhanced.

[2022-05-12 00:15:10 #18 type.registry] 
New type java.util.ArrayList<java.lang.Object>

[2022-05-12 00:15:10 #19 type.registry] 
New type java.util.ArrayList<domain.Question>

[2022-05-12 00:15:10 #20 type.registry] 
New type java.util.ArrayList<domain.Bet>

[2022-05-12 00:15:10 #21 type.registry] 
New type java.util.ArrayList<domain.Transaction>

[2022-05-12 00:15:10 #22 type.registry] 
New type java.util.ArrayList<domain.Forecast>

------------------------------------------------------------------------------------------------------------------------

[2022-05-12 00:15:19 #1 store] 
Database 'C:\Users\Oihan\config\db\bets.temp' is opened by 6068@DESKTOP-RFR36DB

[2022-05-12 00:15:19 #2 store] 
Configuration path: ?

[2022-05-12 00:15:19 #3 type.registry] 
New type domain.Event

[2022-05-12 00:15:19 #4 type] 
Type domain.Event is not enhanced.

[2022-05-12 00:15:19 #5 type.registry] 
New type domain.Question

[2022-05-12 00:15:19 #6 type] 
Type domain.Question is not enhanced.

[2022-05-12 00:15:19 #7 type.registry] 
New type domain.Forecast

[2022-05-12 00:15:19 #8 type] 
Type domain.Forecast is not enhanced.

[2022-05-12 00:15:19 #9 type.registry] 
New type domain.User

[2022-05-12 00:15:19 #10 type] 
Type domain.User is not enhanced.

[2022-05-12 00:15:19 #11 type.registry] 
New type domain.Bet

[2022-05-12 00:15:19 #12 type.registry] 
New type domain.Card

[2022-05-12 00:15:19 #13 type.registry] 
New type byte[]

[2022-05-12 00:15:19 #14 type] 
Type domain.Bet is not enhanced.

[2022-05-12 00:15:19 #15 type] 
Type domain.Card is not enhanced.

[2022-05-12 00:15:19 #16 type.registry] 
New type domain.Transaction

[2022-05-12 00:15:19 #17 type] 
Type domain.Transaction is not enhanced.

[2022-05-12 00:15:19 #18 type.registry] 
New type java.util.ArrayList<java.lang.Object>

[2022-05-12 00:15:19 #19 type.registry] 
New type java.util.ArrayList<domain.Question>

[2022-05-12 00:15:19 #20 type.registry] 
New type java.util.ArrayList<domain.Bet>

[2022-05-12 00:15:19 #21 type.registry] 
New type java.util.ArrayList<domain.Transaction>

[2022-05-12 00:15:19 #22 type.registry] 
New type java.util.ArrayList<domain.Forecast>

------------------------------------------------------------------------------------------------------------------------

[2022-05-12 00:16:34 #1 store] 
Database 'C:\Users\Oihan\config\db\bets.temp' has been recovered (tr. 1-10)

[2022-05-12 00:16:34 #2 store] 
Database 'C:\Users\Oihan\config\db\bets.temp' is opened by 11640@DESKTOP-RFR36DB

[2022-05-12 00:16:34 #3 store] 
Configuration path: ?

[2022-05-12 00:16:34 #4 type] 
Type domain.Event is not enhanced.

[2022-05-12 00:16:34 #5 type] 
Type domain.Question is not enhanced.

[2022-05-12 00:16:34 #6 type] 
Type domain.Forecast is not enhanced.

[2022-05-12 00:16:34 #7 type] 
Type domain.User is not enhanced.

[2022-05-12 00:16:34 #8 type] 
Type domain.Bet is not enhanced.

[2022-05-12 00:16:34 #9 type] 
Type domain.Card is not enhanced.

[2022-05-12 00:16:34 #10 type] 
Type domain.Transaction is not enhanced.

------------------------------------------------------------------------------------------------------------------------

[2022-05-12 00:19:23 #1 store] 
Database 'C:\Users\Oihan\config\db\bets.temp' is opened by 4592@DESKTOP-RFR36DB

[2022-05-12 00:19:23 #2 store] 
Configuration path: ?

[2022-05-12 00:19:23 #3 type] 
Type domain.Event is not enhanced.

[2022-05-12 00:19:23 #4 type] 
Type domain.Question is not enhanced.

[2022-05-12 00:19:23 #5 type] 
Type domain.Forecast is not enhanced.

[2022-05-12 00:19:23 #6 type] 
Type domain.User is not enhanced.

[2022-05-12 00:19:23 #7 type] 
Type domain.Bet is not enhanced.

[2022-05-12 00:19:23 #8 type] 
Type domain.Card is not enhanced.

[2022-05-12 00:19:23 #9 type] 
Type domain.Transaction is not enhanced.

------------------------------------------------------------------------------------------------------------------------

[2022-05-12 00:25:16 #1 store] 
Database 'C:\Users\Oihan\config\db\bets.temp' is opened by 4760@DESKTOP-RFR36DB

[2022-05-12 00:25:16 #2 store] 
Configuration path: ?

[2022-05-12 00:25:16 #3 type] 
Type domain.Event is not enhanced.

[2022-05-12 00:25:16 #4 type] 
Type domain.Question is not enhanced.

[2022-05-12 00:25:16 #5 type] 
Type domain.Forecast is not enhanced.

[2022-05-12 00:25:16 #6 type] 
Type domain.User is not enhanced.

[2022-05-12 00:25:16 #7 type] 
Type domain.Bet is not enhanced.

[2022-05-12 00:25:16 #8 type] 
Type domain.Card is not enhanced.

[2022-05-12 00:25:16 #9 type] 
Type domain.Transaction is not enhanced.

------------------------------------------------------------------------------------------------------------------------

[2022-05-12 00:26:21 #1 store] 
Database 'C:\Users\Oihan\config\db\bets.temp' is opened by 9928@DESKTOP-RFR36DB

[2022-05-12 00:26:21 #2 store] 
Configuration path: ?

[2022-05-12 00:26:21 #3 type] 
Type domain.Event is not enhanced.

[2022-05-12 00:26:21 #4 type] 
Type domain.Question is not enhanced.

[2022-05-12 00:26:21 #5 type] 
Type domain.Forecast is not enhanced.

[2022-05-12 00:26:21 #6 type] 
Type domain.User is not enhanced.

[2022-05-12 00:26:21 #7 type] 
Type domain.Bet is not enhanced.

[2022-05-12 00:26:21 #8 type] 
Type domain.Card is not enhanced.

[2022-05-12 00:26:21 #9 type] 
Type domain.Transaction is not enhanced.

------------------------------------------------------------------------------------------------------------------------

[2022-05-12 00:33:19 #1 store] 
Database 'C:\Users\Oihan\config\db\bets.temp' is opened by 13028@DESKTOP-RFR36DB

[2022-05-12 00:33:19 #2 store] 
Configuration path: ?

[2022-05-12 00:33:19 #3 type] 
Type domain.Event is not enhanced.

[2022-05-12 00:33:19 #4 type] 
Type domain.Question is not enhanced.

[2022-05-12 00:33:19 #5 type] 
Type domain.Forecast is not enhanced.

[2022-05-12 00:33:19 #6 type] 
Type domain.User is not enhanced.

[2022-05-12 00:33:19 #7 type] 
Type domain.Bet is not enhanced.

[2022-05-12 00:33:19 #8 type] 
Type domain.Card is not enhanced.

[2022-05-12 00:33:19 #9 type] 
Type domain.Transaction is not enhanced.

------------------------------------------------------------------------------------------------------------------------

[2022-05-12 01:03:36 #1 store] 
Database 'C:\Users\Oihan\config\db\bets.temp' is opened by 8736@DESKTOP-RFR36DB

[2022-05-12 01:03:36 #2 store] 
Configuration path: ?

[2022-05-12 01:03:36 #3 type] 
Type domain.Event is not enhanced.

[2022-05-12 01:03:36 #4 type] 
Type domain.Question is not enhanced.

[2022-05-12 01:03:36 #5 type] 
Type domain.Forecast is not enhanced.

[2022-05-12 01:03:36 #6 type] 
Type domain.User is not enhanced.

[2022-05-12 01:03:36 #7 type] 
Type domain.Bet is not enhanced.

[2022-05-12 01:03:36 #8 type] 
Type domain.Card is not enhanced.

[2022-05-12 01:03:36 #9 type] 
Type domain.Transaction is not enhanced.

------------------------------------------------------------------------------------------------------------------------

[2022-05-12 01:06:18 #1 store] 
Database 'C:\Users\Oihan\config\db\bets.temp' is opened by 18524@DESKTOP-RFR36DB

[2022-05-12 01:06:18 #2 store] 
Configuration path: ?

[2022-05-12 01:06:18 #3 type] 
Type domain.Event is not enhanced.

[2022-05-12 01:06:18 #4 type.registry] 
New type domain.Match

[2022-05-12 01:06:18 #5 type] 
Type domain.Question is not enhanced.

[2022-05-12 01:06:18 #6 type] 
Type domain.Forecast is not enhanced.

[2022-05-12 01:06:18 #7 type] 
Type domain.User is not enhanced.

[2022-05-12 01:06:18 #8 type] 
Type domain.Bet is not enhanced.

[2022-05-12 01:06:18 #9 type] 
Type domain.Card is not enhanced.

[2022-05-12 01:06:18 #10 type] 
Type domain.Transaction is not enhanced.

[2022-05-12 01:06:18 #11 type] 
Type domain.Match is not enhanced.

[2022-05-12 01:06:18 #12 type.registry] 
New type domain.Match$Score

[2022-05-12 01:06:18 #13 type.registry] 
New type domain.Team

[2022-05-12 01:06:18 #14 type.registry] 
New type domain.Competition

[2022-05-12 01:06:18 #15 type] 
Type domain.Competition is not enhanced.

[2022-05-12 01:06:18 #16 type.registry] 
New type domain.Area

[2022-05-12 01:06:18 #17 type] 
Type domain.Area is not enhanced.

------------------------------------------------------------------------------------------------------------------------

[2022-05-12 01:37:14 #1 store] 
Database 'C:\Users\Oihan\config\db\bets.temp' has been recovered (tr. 11-11)

[2022-05-12 01:37:14 #2 store] 
Database 'C:\Users\Oihan\config\db\bets.temp' is opened by 2208@DESKTOP-RFR36DB

[2022-05-12 01:37:14 #3 store] 
Configuration path: ?

[2022-05-12 01:37:15 #4 type] 
Type domain.Event is not enhanced.

[2022-05-12 01:37:15 #5 type] 
Type domain.Question is not enhanced.

[2022-05-12 01:37:15 #6 type] 
Type domain.Forecast is not enhanced.

[2022-05-12 01:37:15 #7 type] 
Type domain.User is not enhanced.

[2022-05-12 01:37:15 #8 type] 
Type domain.Bet is not enhanced.

[2022-05-12 01:37:15 #9 type] 
Type domain.Card is not enhanced.

[2022-05-12 01:37:15 #10 type] 
Type domain.Transaction is not enhanced.

------------------------------------------------------------------------------------------------------------------------

[2022-05-12 01:38:10 #1 store] 
Database 'C:\Users\Oihan\config\db\bets.temp' has been recovered (tr. 12-12)

[2022-05-12 01:38:10 #2 store] 
Database 'C:\Users\Oihan\config\db\bets.temp' is opened by 10752@DESKTOP-RFR36DB

[2022-05-12 01:38:10 #3 store] 
Configuration path: ?

[2022-05-12 01:38:10 #4 type] 
Type domain.Event is not enhanced.

[2022-05-12 01:38:10 #5 type] 
Type domain.Question is not enhanced.

[2022-05-12 01:38:10 #6 type] 
Type domain.Forecast is not enhanced.

[2022-05-12 01:38:10 #7 type] 
Type domain.User is not enhanced.

[2022-05-12 01:38:10 #8 type] 
Type domain.Bet is not enhanced.

[2022-05-12 01:38:10 #9 type] 
Type domain.Card is not enhanced.

[2022-05-12 01:38:10 #10 type] 
Type domain.Transaction is not enhanced.

------------------------------------------------------------------------------------------------------------------------

[2022-05-12 01:40:17 #1 store] 
Database 'C:\Users\Oihan\config\db\bets.temp' is opened by 22352@DESKTOP-RFR36DB

[2022-05-12 01:40:17 #2 store] 
Configuration path: ?

[2022-05-12 01:40:17 #3 type] 
Type domain.Event is not enhanced.

[2022-05-12 01:40:17 #4 type] 
Type domain.Question is not enhanced.

[2022-05-12 01:40:17 #5 type] 
Type domain.Forecast is not enhanced.

[2022-05-12 01:40:17 #6 type] 
Type domain.User is not enhanced.

[2022-05-12 01:40:17 #7 type] 
Type domain.Bet is not enhanced.

[2022-05-12 01:40:17 #8 type] 
Type domain.Card is not enhanced.

[2022-05-12 01:40:17 #9 type] 
Type domain.Transaction is not enhanced.

------------------------------------------------------------------------------------------------------------------------

[2022-05-12 01:42:58 #1 store] 
Database 'C:\Users\Oihan\config\db\bets.temp' is opened by 11132@DESKTOP-RFR36DB

[2022-05-12 01:42:58 #2 store] 
Configuration path: ?

[2022-05-12 01:42:58 #3 type] 
Type domain.Event is not enhanced.

[2022-05-12 01:42:58 #4 type] 
Type domain.Question is not enhanced.

[2022-05-12 01:42:58 #5 type] 
Type domain.Forecast is not enhanced.

[2022-05-12 01:42:58 #6 type] 
Type domain.User is not enhanced.

[2022-05-12 01:42:58 #7 type] 
Type domain.Bet is not enhanced.

[2022-05-12 01:42:58 #8 type] 
Type domain.Card is not enhanced.

[2022-05-12 01:42:58 #9 type] 
Type domain.Transaction is not enhanced.

------------------------------------------------------------------------------------------------------------------------

[2022-05-12 01:44:49 #1 store] 
Database 'C:\Users\Oihan\config\db\bets.temp' is opened by 13984@DESKTOP-RFR36DB

[2022-05-12 01:44:49 #2 store] 
Configuration path: ?

[2022-05-12 01:44:49 #3 type] 
Type domain.Event is not enhanced.

[2022-05-12 01:44:49 #4 type] 
Type domain.Question is not enhanced.

[2022-05-12 01:44:49 #5 type] 
Type domain.Forecast is not enhanced.

[2022-05-12 01:44:49 #6 type] 
Type domain.User is not enhanced.

[2022-05-12 01:44:49 #7 type] 
Type domain.Bet is not enhanced.

[2022-05-12 01:44:49 #8 type] 
Type domain.Card is not enhanced.

[2022-05-12 01:44:49 #9 type] 
Type domain.Transaction is not enhanced.

------------------------------------------------------------------------------------------------------------------------

[2022-05-12 01:45:23 #1 store] 
Database 'C:\Users\Oihan\config\db\bets.temp' is opened by 5352@DESKTOP-RFR36DB

[2022-05-12 01:45:23 #2 store] 
Configuration path: ?

[2022-05-12 01:45:23 #3 type] 
Type domain.Event is not enhanced.

[2022-05-12 01:45:23 #4 type] 
Type domain.Question is not enhanced.

[2022-05-12 01:45:23 #5 type] 
Type domain.Forecast is not enhanced.

[2022-05-12 01:45:23 #6 type] 
Type domain.User is not enhanced.

[2022-05-12 01:45:23 #7 type] 
Type domain.Bet is not enhanced.

[2022-05-12 01:45:23 #8 type] 
Type domain.Card is not enhanced.

[2022-05-12 01:45:23 #9 type] 
Type domain.Transaction is not enhanced.

------------------------------------------------------------------------------------------------------------------------

[2022-05-12 01:52:12 #1 store] 
Database 'C:\Users\Oihan\config\db\bets.temp' is opened by 4500@DESKTOP-RFR36DB

[2022-05-12 01:52:12 #2 store] 
Configuration path: ?

[2022-05-12 01:52:12 #3 type] 
Type domain.Event is not enhanced.

[2022-05-12 01:52:12 #4 type] 
Type domain.Question is not enhanced.

[2022-05-12 01:52:12 #5 type] 
Type domain.Forecast is not enhanced.

[2022-05-12 01:52:12 #6 type] 
Type domain.User is not enhanced.

[2022-05-12 01:52:12 #7 type] 
Type domain.Bet is not enhanced.

[2022-05-12 01:52:12 #8 type] 
Type domain.Card is not enhanced.

[2022-05-12 01:52:12 #9 type] 
Type domain.Transaction is not enhanced.

------------------------------------------------------------------------------------------------------------------------

[2022-05-12 02:01:28 #1 store] 
Database 'C:\Users\Oihan\config\db\bets.temp' is opened by 21180@DESKTOP-RFR36DB

[2022-05-12 02:01:28 #2 store] 
Configuration path: ?

[2022-05-12 02:01:28 #3 type] 
Type domain.Event is not enhanced.

[2022-05-12 02:01:28 #4 type] 
Type domain.Question is not enhanced.

[2022-05-12 02:01:28 #5 type] 
Type domain.Forecast is not enhanced.

[2022-05-12 02:01:28 #6 type] 
Type domain.User is not enhanced.

[2022-05-12 02:01:28 #7 type] 
Type domain.Bet is not enhanced.

[2022-05-12 02:01:28 #8 type] 
Type domain.Card is not enhanced.

[2022-05-12 02:01:28 #9 type] 
Type domain.Transaction is not enhanced.

------------------------------------------------------------------------------------------------------------------------

[2022-05-12 02:05:16 #1 store] 
Database 'C:\Users\Oihan\config\db\bets.temp' is opened by 19516@DESKTOP-RFR36DB

[2022-05-12 02:05:16 #2 store] 
Configuration path: ?

[2022-05-12 02:05:16 #3 type] 
Type domain.Event is not enhanced.

[2022-05-12 02:05:16 #4 type] 
Type domain.Question is not enhanced.

[2022-05-12 02:05:16 #5 type] 
Type domain.Forecast is not enhanced.

[2022-05-12 02:05:16 #6 type] 
Type domain.User is not enhanced.

[2022-05-12 02:05:16 #7 type] 
Type domain.Bet is not enhanced.

[2022-05-12 02:05:16 #8 type] 
Type domain.Card is not enhanced.

[2022-05-12 02:05:16 #9 type] 
Type domain.Transaction is not enhanced.

------------------------------------------------------------------------------------------------------------------------

[2022-05-12 02:06:12 #1 store] 
Database 'C:\Users\Oihan\config\db\bets.temp' is opened by 13056@DESKTOP-RFR36DB

[2022-05-12 02:06:12 #2 store] 
Configuration path: ?

[2022-05-12 02:06:12 #3 type.registry] 
New type domain.Event

[2022-05-12 02:06:12 #4 type] 
Type domain.Event is not enhanced.

[2022-05-12 02:06:12 #5 type.registry] 
New type domain.Question

[2022-05-12 02:06:12 #6 type] 
Type domain.Question is not enhanced.

[2022-05-12 02:06:12 #7 type.registry] 
New type domain.Forecast

[2022-05-12 02:06:12 #8 type] 
Type domain.Forecast is not enhanced.

[2022-05-12 02:06:12 #9 type.registry] 
New type domain.User

[2022-05-12 02:06:12 #10 type] 
Type domain.User is not enhanced.

[2022-05-12 02:06:12 #11 type.registry] 
New type domain.Bet

[2022-05-12 02:06:12 #12 type.registry] 
New type domain.Card

[2022-05-12 02:06:12 #13 type.registry] 
New type byte[]

[2022-05-12 02:06:12 #14 type] 
Type domain.Bet is not enhanced.

[2022-05-12 02:06:12 #15 type] 
Type domain.Card is not enhanced.

[2022-05-12 02:06:12 #16 type.registry] 
New type domain.Transaction

[2022-05-12 02:06:12 #17 type] 
Type domain.Transaction is not enhanced.

[2022-05-12 02:06:12 #18 type.registry] 
New type java.util.ArrayList<java.lang.Object>

[2022-05-12 02:06:12 #19 type.registry] 
New type java.util.ArrayList<domain.Question>

[2022-05-12 02:06:12 #20 type.registry] 
New type java.util.ArrayList<domain.Bet>

[2022-05-12 02:06:12 #21 type.registry] 
New type java.util.ArrayList<domain.Transaction>

[2022-05-12 02:06:12 #22 type.registry] 
New type java.util.ArrayList<domain.Forecast>

------------------------------------------------------------------------------------------------------------------------

[2022-05-12 02:06:21 #1 store] 
Database 'C:\Users\Oihan\config\db\bets.temp' is opened by 12880@DESKTOP-RFR36DB

[2022-05-12 02:06:21 #2 store] 
Configuration path: ?

[2022-05-12 02:06:21 #3 type.registry] 
New type domain.Event

[2022-05-12 02:06:21 #4 type] 
Type domain.Event is not enhanced.

[2022-05-12 02:06:21 #5 type.registry] 
New type domain.Question

[2022-05-12 02:06:21 #6 type] 
Type domain.Question is not enhanced.

[2022-05-12 02:06:21 #7 type.registry] 
New type domain.Forecast

[2022-05-12 02:06:21 #8 type] 
Type domain.Forecast is not enhanced.

[2022-05-12 02:06:22 #9 type.registry] 
New type domain.User

[2022-05-12 02:06:22 #10 type] 
Type domain.User is not enhanced.

[2022-05-12 02:06:22 #11 type.registry] 
New type domain.Bet

[2022-05-12 02:06:22 #12 type.registry] 
New type domain.Card

[2022-05-12 02:06:22 #13 type.registry] 
New type byte[]

[2022-05-12 02:06:22 #14 type] 
Type domain.Bet is not enhanced.

[2022-05-12 02:06:22 #15 type] 
Type domain.Card is not enhanced.

[2022-05-12 02:06:22 #16 type.registry] 
New type domain.Transaction

[2022-05-12 02:06:22 #17 type] 
Type domain.Transaction is not enhanced.

[2022-05-12 02:06:22 #18 type.registry] 
New type java.util.ArrayList<java.lang.Object>

[2022-05-12 02:06:22 #19 type.registry] 
New type java.util.ArrayList<domain.Question>

[2022-05-12 02:06:22 #20 type.registry] 
New type java.util.ArrayList<domain.Bet>

[2022-05-12 02:06:22 #21 type.registry] 
New type java.util.ArrayList<domain.Transaction>

[2022-05-12 02:06:22 #22 type.registry] 
New type java.util.ArrayList<domain.Forecast>

------------------------------------------------------------------------------------------------------------------------

[2022-05-12 02:06:40 #1 store] 
Database 'C:\Users\Oihan\config\db\bets.temp' is opened by 16032@DESKTOP-RFR36DB

[2022-05-12 02:06:40 #2 store] 
Configuration path: ?

[2022-05-12 02:06:41 #3 type.registry] 
New type domain.Event

[2022-05-12 02:06:41 #4 type] 
Type domain.Event is not enhanced.

[2022-05-12 02:06:41 #5 type.registry] 
New type domain.Question

[2022-05-12 02:06:41 #6 type] 
Type domain.Question is not enhanced.

[2022-05-12 02:06:41 #7 type.registry] 
New type domain.Forecast

[2022-05-12 02:06:41 #8 type] 
Type domain.Forecast is not enhanced.

[2022-05-12 02:06:41 #9 type.registry] 
New type domain.User

[2022-05-12 02:06:41 #10 type] 
Type domain.User is not enhanced.

[2022-05-12 02:06:41 #11 type.registry] 
New type domain.Bet

[2022-05-12 02:06:41 #12 type.registry] 
New type domain.Card

[2022-05-12 02:06:41 #13 type.registry] 
New type byte[]

[2022-05-12 02:06:41 #14 type] 
Type domain.Bet is not enhanced.

[2022-05-12 02:06:41 #15 type] 
Type domain.Card is not enhanced.

[2022-05-12 02:06:41 #16 type.registry] 
New type domain.Transaction

[2022-05-12 02:06:41 #17 type] 
Type domain.Transaction is not enhanced.

[2022-05-12 02:06:41 #18 type.registry] 
New type java.util.ArrayList<java.lang.Object>

[2022-05-12 02:06:41 #19 type.registry] 
New type java.util.ArrayList<domain.Question>

[2022-05-12 02:06:41 #20 type.registry] 
New type java.util.ArrayList<domain.Bet>

[2022-05-12 02:06:41 #21 type.registry] 
New type java.util.ArrayList<domain.Transaction>

[2022-05-12 02:06:41 #22 type.registry] 
New type java.util.ArrayList<domain.Forecast>

------------------------------------------------------------------------------------------------------------------------

[2022-05-12 02:07:01 #1 store] 
Database 'C:\Users\Oihan\config\db\bets.temp' has been recovered (tr. 1-10)

[2022-05-12 02:07:01 #2 store] 
Database 'C:\Users\Oihan\config\db\bets.temp' is opened by 21592@DESKTOP-RFR36DB

[2022-05-12 02:07:01 #3 store] 
Configuration path: ?

[2022-05-12 02:07:01 #4 type] 
Type domain.Event is not enhanced.

[2022-05-12 02:07:01 #5 type] 
Type domain.Question is not enhanced.

[2022-05-12 02:07:01 #6 type] 
Type domain.Forecast is not enhanced.

[2022-05-12 02:07:01 #7 type] 
Type domain.User is not enhanced.

[2022-05-12 02:07:01 #8 type] 
Type domain.Bet is not enhanced.

[2022-05-12 02:07:01 #9 type] 
Type domain.Card is not enhanced.

[2022-05-12 02:07:01 #10 type] 
Type domain.Transaction is not enhanced.

------------------------------------------------------------------------------------------------------------------------

[2022-05-12 02:07:14 #1 store] 
Database 'C:\Users\Oihan\config\db\bets.temp' is opened by 1836@DESKTOP-RFR36DB

[2022-05-12 02:07:14 #2 store] 
Configuration path: ?

[2022-05-12 02:07:14 #3 type.registry] 
New type domain.Event

[2022-05-12 02:07:14 #4 type] 
Type domain.Event is not enhanced.

[2022-05-12 02:07:14 #5 type.registry] 
New type domain.Question

[2022-05-12 02:07:14 #6 type] 
Type domain.Question is not enhanced.

[2022-05-12 02:07:14 #7 type.registry] 
New type domain.Forecast

[2022-05-12 02:07:14 #8 type] 
Type domain.Forecast is not enhanced.

[2022-05-12 02:07:14 #9 type.registry] 
New type domain.User

[2022-05-12 02:07:14 #10 type] 
Type domain.User is not enhanced.

[2022-05-12 02:07:14 #11 type.registry] 
New type domain.Bet

[2022-05-12 02:07:14 #12 type.registry] 
New type domain.Card

[2022-05-12 02:07:14 #13 type.registry] 
New type byte[]

[2022-05-12 02:07:14 #14 type] 
Type domain.Bet is not enhanced.

[2022-05-12 02:07:14 #15 type] 
Type domain.Card is not enhanced.

[2022-05-12 02:07:14 #16 type.registry] 
New type domain.Transaction

[2022-05-12 02:07:14 #17 type] 
Type domain.Transaction is not enhanced.

[2022-05-12 02:07:14 #18 type.registry] 
New type java.util.ArrayList<java.lang.Object>

[2022-05-12 02:07:14 #19 type.registry] 
New type java.util.ArrayList<domain.Question>

[2022-05-12 02:07:14 #20 type.registry] 
New type java.util.ArrayList<domain.Bet>

[2022-05-12 02:07:14 #21 type.registry] 
New type java.util.ArrayList<domain.Transaction>

[2022-05-12 02:07:14 #22 type.registry] 
New type java.util.ArrayList<domain.Forecast>

------------------------------------------------------------------------------------------------------------------------

[2022-05-12 02:07:43 #1 store] 
Database 'C:\Users\Oihan\config\db\bets.temp' is opened by 16120@DESKTOP-RFR36DB

[2022-05-12 02:07:43 #2 store] 
Configuration path: ?

[2022-05-12 02:07:43 #3 type.registry] 
New type domain.Event

[2022-05-12 02:07:43 #4 type] 
Type domain.Event is not enhanced.

[2022-05-12 02:07:43 #5 type.registry] 
New type domain.Question

[2022-05-12 02:07:43 #6 type] 
Type domain.Question is not enhanced.

[2022-05-12 02:07:43 #7 type.registry] 
New type domain.Forecast

[2022-05-12 02:07:43 #8 type] 
Type domain.Forecast is not enhanced.

[2022-05-12 02:07:43 #9 type.registry] 
New type domain.User

[2022-05-12 02:07:43 #10 type] 
Type domain.User is not enhanced.

[2022-05-12 02:07:43 #11 type.registry] 
New type domain.Bet

[2022-05-12 02:07:43 #12 type.registry] 
New type domain.Card

[2022-05-12 02:07:43 #13 type.registry] 
New type byte[]

[2022-05-12 02:07:43 #14 type] 
Type domain.Bet is not enhanced.

[2022-05-12 02:07:43 #15 type] 
Type domain.Card is not enhanced.

[2022-05-12 02:07:43 #16 type.registry] 
New type domain.Transaction

[2022-05-12 02:07:43 #17 type] 
Type domain.Transaction is not enhanced.

[2022-05-12 02:07:43 #18 type.registry] 
New type java.util.ArrayList<java.lang.Object>

[2022-05-12 02:07:43 #19 type.registry] 
New type java.util.ArrayList<domain.Question>

[2022-05-12 02:07:43 #20 type.registry] 
New type java.util.ArrayList<domain.Bet>

[2022-05-12 02:07:43 #21 type.registry] 
New type java.util.ArrayList<domain.Transaction>

[2022-05-12 02:07:43 #22 type.registry] 
New type java.util.ArrayList<domain.Forecast>

------------------------------------------------------------------------------------------------------------------------

[2022-05-12 02:08:02 #1 store] 
Database 'C:\Users\Oihan\config\db\bets.temp' has been recovered (tr. 1-10)

[2022-05-12 02:08:02 #2 store] 
Database 'C:\Users\Oihan\config\db\bets.temp' is opened by 19928@DESKTOP-RFR36DB

[2022-05-12 02:08:02 #3 store] 
Configuration path: ?

[2022-05-12 02:08:02 #4 type] 
Type domain.Event is not enhanced.

[2022-05-12 02:08:02 #5 type] 
Type domain.Question is not enhanced.

[2022-05-12 02:08:02 #6 type] 
Type domain.Forecast is not enhanced.

[2022-05-12 02:08:02 #7 type] 
Type domain.User is not enhanced.

[2022-05-12 02:08:02 #8 type] 
Type domain.Bet is not enhanced.

[2022-05-12 02:08:02 #9 type] 
Type domain.Card is not enhanced.

[2022-05-12 02:08:02 #10 type] 
Type domain.Transaction is not enhanced.

------------------------------------------------------------------------------------------------------------------------

[2022-05-12 02:08:25 #1 store] 
Database 'C:\Users\Oihan\config\db\bets.temp' is opened by 9344@DESKTOP-RFR36DB

[2022-05-12 02:08:25 #2 store] 
Configuration path: ?

[2022-05-12 02:08:25 #3 type] 
Type domain.Event is not enhanced.

[2022-05-12 02:08:25 #4 type] 
Type domain.Question is not enhanced.

[2022-05-12 02:08:25 #5 type] 
Type domain.Forecast is not enhanced.

[2022-05-12 02:08:25 #6 type] 
Type domain.User is not enhanced.

[2022-05-12 02:08:25 #7 type] 
Type domain.Bet is not enhanced.

[2022-05-12 02:08:25 #8 type] 
Type domain.Card is not enhanced.

[2022-05-12 02:08:25 #9 type] 
Type domain.Transaction is not enhanced.

------------------------------------------------------------------------------------------------------------------------

[2022-05-12 02:08:42 #1 store] 
Database 'C:\Users\Oihan\config\db\bets.temp' is opened by 9256@DESKTOP-RFR36DB

[2022-05-12 02:08:42 #2 store] 
Configuration path: ?

[2022-05-12 02:08:42 #3 type] 
Type domain.Event is not enhanced.

[2022-05-12 02:08:42 #4 type] 
Type domain.Question is not enhanced.

[2022-05-12 02:08:42 #5 type] 
Type domain.Forecast is not enhanced.

[2022-05-12 02:08:42 #6 type] 
Type domain.User is not enhanced.

[2022-05-12 02:08:42 #7 type] 
Type domain.Bet is not enhanced.

[2022-05-12 02:08:42 #8 type] 
Type domain.Card is not enhanced.

[2022-05-12 02:08:42 #9 type] 
Type domain.Transaction is not enhanced.

------------------------------------------------------------------------------------------------------------------------

[2022-05-12 02:12:24 #1 store] 
Database 'C:\Users\Oihan\config\db\bets.temp' is opened by 20536@DESKTOP-RFR36DB

[2022-05-12 02:12:24 #2 store] 
Configuration path: ?

[2022-05-12 02:12:25 #3 type] 
Type domain.Event is not enhanced.

[2022-05-12 02:12:25 #4 type] 
Type domain.Question is not enhanced.

[2022-05-12 02:12:25 #5 type] 
Type domain.Forecast is not enhanced.

[2022-05-12 02:12:25 #6 type] 
Type domain.User is not enhanced.

[2022-05-12 02:12:25 #7 type] 
Type domain.Bet is not enhanced.

[2022-05-12 02:12:25 #8 type] 
Type domain.Card is not enhanced.

[2022-05-12 02:12:25 #9 type] 
Type domain.Transaction is not enhanced.

------------------------------------------------------------------------------------------------------------------------

[2022-05-12 02:12:47 #1 store] 
Database 'C:\Users\Oihan\config\db\bets.temp' is opened by 10672@DESKTOP-RFR36DB

[2022-05-12 02:12:47 #2 store] 
Configuration path: ?

[2022-05-12 02:12:47 #3 type] 
Type domain.Event is not enhanced.

[2022-05-12 02:12:47 #4 type] 
Type domain.Question is not enhanced.

[2022-05-12 02:12:47 #5 type] 
Type domain.Forecast is not enhanced.

[2022-05-12 02:12:47 #6 type] 
Type domain.User is not enhanced.

[2022-05-12 02:12:47 #7 type] 
Type domain.Bet is not enhanced.

[2022-05-12 02:12:47 #8 type] 
Type domain.Card is not enhanced.

[2022-05-12 02:12:47 #9 type] 
Type domain.Transaction is not enhanced.

------------------------------------------------------------------------------------------------------------------------

[2022-05-12 02:13:03 #1 store] 
Database 'C:\Users\Oihan\config\db\bets.temp' is opened by 12900@DESKTOP-RFR36DB

[2022-05-12 02:13:03 #2 store] 
Configuration path: ?

[2022-05-12 02:13:03 #3 type] 
Type domain.Event is not enhanced.

[2022-05-12 02:13:03 #4 type] 
Type domain.Question is not enhanced.

[2022-05-12 02:13:03 #5 type] 
Type domain.Forecast is not enhanced.

[2022-05-12 02:13:03 #6 type] 
Type domain.User is not enhanced.

[2022-05-12 02:13:03 #7 type] 
Type domain.Bet is not enhanced.

[2022-05-12 02:13:03 #8 type] 
Type domain.Card is not enhanced.

[2022-05-12 02:13:03 #9 type] 
Type domain.Transaction is not enhanced.

------------------------------------------------------------------------------------------------------------------------

[2022-05-12 02:13:33 #1 store] 
Database 'C:\Users\Oihan\config\db\bets.temp' is opened by 8264@DESKTOP-RFR36DB

[2022-05-12 02:13:33 #2 store] 
Configuration path: ?

[2022-05-12 02:13:33 #3 type] 
Type domain.Event is not enhanced.

[2022-05-12 02:13:33 #4 type] 
Type domain.Question is not enhanced.

[2022-05-12 02:13:33 #5 type] 
Type domain.Forecast is not enhanced.

[2022-05-12 02:13:33 #6 type] 
Type domain.User is not enhanced.

[2022-05-12 02:13:33 #7 type] 
Type domain.Bet is not enhanced.

[2022-05-12 02:13:33 #8 type] 
Type domain.Card is not enhanced.

[2022-05-12 02:13:33 #9 type] 
Type domain.Transaction is not enhanced.

------------------------------------------------------------------------------------------------------------------------

[2022-05-12 02:13:51 #1 store] 
Database 'C:\Users\Oihan\config\db\bets.temp' is opened by 10680@DESKTOP-RFR36DB

[2022-05-12 02:13:51 #2 store] 
Configuration path: ?

[2022-05-12 02:13:51 #3 type] 
Type domain.Event is not enhanced.

[2022-05-12 02:13:51 #4 type] 
Type domain.Question is not enhanced.

[2022-05-12 02:13:51 #5 type] 
Type domain.Forecast is not enhanced.

[2022-05-12 02:13:51 #6 type] 
Type domain.User is not enhanced.

[2022-05-12 02:13:51 #7 type] 
Type domain.Bet is not enhanced.

[2022-05-12 02:13:51 #8 type] 
Type domain.Card is not enhanced.

[2022-05-12 02:13:51 #9 type] 
Type domain.Transaction is not enhanced.

------------------------------------------------------------------------------------------------------------------------

[2022-05-12 02:14:25 #1 store] 
Database 'C:\Users\Oihan\config\db\bets.temp' is opened by 22052@DESKTOP-RFR36DB

[2022-05-12 02:14:25 #2 store] 
Configuration path: ?

[2022-05-12 02:14:25 #3 type] 
Type domain.Event is not enhanced.

[2022-05-12 02:14:25 #4 type] 
Type domain.Question is not enhanced.

[2022-05-12 02:14:25 #5 type] 
Type domain.Forecast is not enhanced.

[2022-05-12 02:14:25 #6 type] 
Type domain.User is not enhanced.

[2022-05-12 02:14:25 #7 type] 
Type domain.Bet is not enhanced.

[2022-05-12 02:14:25 #8 type] 
Type domain.Card is not enhanced.

[2022-05-12 02:14:25 #9 type] 
Type domain.Transaction is not enhanced.

------------------------------------------------------------------------------------------------------------------------

[2022-05-12 02:16:18 #1 store] 
Database 'C:\Users\Oihan\config\db\bets.temp' is opened by 14856@DESKTOP-RFR36DB

[2022-05-12 02:16:18 #2 store] 
Configuration path: ?

[2022-05-12 02:16:18 #3 type] 
Type domain.Event is not enhanced.

[2022-05-12 02:16:18 #4 type] 
Type domain.Question is not enhanced.

[2022-05-12 02:16:18 #5 type] 
Type domain.Forecast is not enhanced.

[2022-05-12 02:16:18 #6 type] 
Type domain.User is not enhanced.

[2022-05-12 02:16:18 #7 type] 
Type domain.Bet is not enhanced.

[2022-05-12 02:16:18 #8 type] 
Type domain.Card is not enhanced.

[2022-05-12 02:16:18 #9 type] 
Type domain.Transaction is not enhanced.

------------------------------------------------------------------------------------------------------------------------

[2022-05-12 02:24:47 #1 store] 
Database 'C:\Users\Oihan\config\db\bets.temp' is opened by 19036@DESKTOP-RFR36DB

[2022-05-12 02:24:47 #2 store] 
Configuration path: ?

[2022-05-12 02:24:47 #3 type] 
Type domain.Event is not enhanced.

[2022-05-12 02:24:47 #4 type] 
Type domain.Question is not enhanced.

[2022-05-12 02:24:47 #5 type] 
Type domain.Forecast is not enhanced.

[2022-05-12 02:24:47 #6 type] 
Type domain.User is not enhanced.

[2022-05-12 02:24:47 #7 type] 
Type domain.Bet is not enhanced.

[2022-05-12 02:24:47 #8 type] 
Type domain.Card is not enhanced.

[2022-05-12 02:24:47 #9 type] 
Type domain.Transaction is not enhanced.

------------------------------------------------------------------------------------------------------------------------

[2022-05-12 02:27:53 #1 store] 
Database 'C:\Users\Oihan\config\db\bets.temp' is opened by 19020@DESKTOP-RFR36DB

[2022-05-12 02:27:53 #2 store] 
Configuration path: ?

[2022-05-12 02:27:54 #3 type] 
Type domain.Event is not enhanced.

[2022-05-12 02:27:54 #4 type] 
Type domain.Question is not enhanced.

[2022-05-12 02:27:54 #5 type] 
Type domain.Forecast is not enhanced.

[2022-05-12 02:27:54 #6 type] 
Type domain.User is not enhanced.

[2022-05-12 02:27:54 #7 type] 
Type domain.Bet is not enhanced.

[2022-05-12 02:27:54 #8 type] 
Type domain.Card is not enhanced.

[2022-05-12 02:27:54 #9 type] 
Type domain.Transaction is not enhanced.

------------------------------------------------------------------------------------------------------------------------

[2022-05-12 02:32:34 #1 store] 
Database 'C:\Users\Oihan\config\db\bets.temp' is opened by 12052@DESKTOP-RFR36DB

[2022-05-12 02:32:34 #2 store] 
Configuration path: ?

[2022-05-12 02:32:34 #3 type] 
Type domain.Event is not enhanced.

[2022-05-12 02:32:34 #4 type] 
Type domain.Question is not enhanced.

[2022-05-12 02:32:34 #5 type] 
Type domain.Forecast is not enhanced.

[2022-05-12 02:32:34 #6 type] 
Type domain.User is not enhanced.

[2022-05-12 02:32:34 #7 type] 
Type domain.Bet is not enhanced.

[2022-05-12 02:32:34 #8 type] 
Type domain.Card is not enhanced.

[2022-05-12 02:32:34 #9 type] 
Type domain.Transaction is not enhanced.

------------------------------------------------------------------------------------------------------------------------

[2022-05-12 02:34:40 #1 store] 
Database 'C:\Users\Oihan\config\db\bets.temp' is opened by 1620@DESKTOP-RFR36DB

[2022-05-12 02:34:40 #2 store] 
Configuration path: ?

[2022-05-12 02:34:40 #3 type] 
Type domain.Event is not enhanced.

[2022-05-12 02:34:40 #4 type] 
Type domain.Question is not enhanced.

[2022-05-12 02:34:40 #5 type] 
Type domain.Forecast is not enhanced.

[2022-05-12 02:34:40 #6 type] 
Type domain.User is not enhanced.

[2022-05-12 02:34:40 #7 type] 
Type domain.Bet is not enhanced.

[2022-05-12 02:34:40 #8 type] 
Type domain.Card is not enhanced.

[2022-05-12 02:34:40 #9 type] 
Type domain.Transaction is not enhanced.

------------------------------------------------------------------------------------------------------------------------

[2022-05-12 02:35:41 #1 store] 
Database 'C:\Users\Oihan\config\db\bets.temp' is opened by 18108@DESKTOP-RFR36DB

[2022-05-12 02:35:41 #2 store] 
Configuration path: ?

[2022-05-12 02:35:41 #3 type] 
Type domain.Event is not enhanced.

[2022-05-12 02:35:41 #4 type] 
Type domain.Question is not enhanced.

[2022-05-12 02:35:41 #5 type] 
Type domain.Forecast is not enhanced.

[2022-05-12 02:35:41 #6 type] 
Type domain.User is not enhanced.

[2022-05-12 02:35:41 #7 type] 
Type domain.Bet is not enhanced.

[2022-05-12 02:35:41 #8 type] 
Type domain.Card is not enhanced.

[2022-05-12 02:35:41 #9 type] 
Type domain.Transaction is not enhanced.

------------------------------------------------------------------------------------------------------------------------

[2022-05-12 02:40:46 #1 store] 
Database 'C:\Users\Oihan\config\db\bets.temp' is opened by 11232@DESKTOP-RFR36DB

[2022-05-12 02:40:46 #2 store] 
Configuration path: ?

[2022-05-12 02:40:46 #3 type] 
Type domain.Event is not enhanced.

[2022-05-12 02:40:46 #4 type] 
Type domain.Question is not enhanced.

[2022-05-12 02:40:46 #5 type] 
Type domain.Forecast is not enhanced.

[2022-05-12 02:40:46 #6 type] 
Type domain.User is not enhanced.

[2022-05-12 02:40:46 #7 type] 
Type domain.Bet is not enhanced.

[2022-05-12 02:40:46 #8 type] 
Type domain.Card is not enhanced.

[2022-05-12 02:40:46 #9 type] 
Type domain.Transaction is not enhanced.

------------------------------------------------------------------------------------------------------------------------

[2022-05-12 02:42:08 #1 store] 
Database 'C:\Users\Oihan\config\db\bets.temp' is opened by 17896@DESKTOP-RFR36DB

[2022-05-12 02:42:08 #2 store] 
Configuration path: ?

[2022-05-12 02:42:08 #3 type] 
Type domain.Event is not enhanced.

[2022-05-12 02:42:08 #4 type] 
Type domain.Question is not enhanced.

[2022-05-12 02:42:08 #5 type] 
Type domain.Forecast is not enhanced.

[2022-05-12 02:42:08 #6 type] 
Type domain.User is not enhanced.

[2022-05-12 02:42:08 #7 type] 
Type domain.Bet is not enhanced.

[2022-05-12 02:42:08 #8 type] 
Type domain.Card is not enhanced.

[2022-05-12 02:42:08 #9 type] 
Type domain.Transaction is not enhanced.

------------------------------------------------------------------------------------------------------------------------

[2022-05-12 02:43:58 #1 store] 
Database 'C:\Users\Oihan\config\db\bets.temp' is opened by 11284@DESKTOP-RFR36DB

[2022-05-12 02:43:58 #2 store] 
Configuration path: ?

[2022-05-12 02:43:58 #3 type] 
Type domain.Event is not enhanced.

[2022-05-12 02:43:58 #4 type] 
Type domain.Question is not enhanced.

[2022-05-12 02:43:58 #5 type] 
Type domain.Forecast is not enhanced.

[2022-05-12 02:43:58 #6 type] 
Type domain.User is not enhanced.

[2022-05-12 02:43:58 #7 type] 
Type domain.Bet is not enhanced.

[2022-05-12 02:43:58 #8 type] 
Type domain.Card is not enhanced.

[2022-05-12 02:43:58 #9 type] 
Type domain.Transaction is not enhanced.

------------------------------------------------------------------------------------------------------------------------

[2022-05-12 02:46:37 #1 store] 
Database 'C:\Users\Oihan\config\db\bets.temp' is opened by 19772@DESKTOP-RFR36DB

[2022-05-12 02:46:37 #2 store] 
Configuration path: ?

[2022-05-12 02:46:37 #3 type] 
Type domain.Event is not enhanced.

[2022-05-12 02:46:37 #4 type] 
Type domain.Question is not enhanced.

[2022-05-12 02:46:37 #5 type] 
Type domain.Forecast is not enhanced.

[2022-05-12 02:46:37 #6 type] 
Type domain.User is not enhanced.

[2022-05-12 02:46:37 #7 type] 
Type domain.Bet is not enhanced.

[2022-05-12 02:46:37 #8 type] 
Type domain.Card is not enhanced.

[2022-05-12 02:46:37 #9 type] 
Type domain.Transaction is not enhanced.

------------------------------------------------------------------------------------------------------------------------

[2022-05-12 02:47:40 #1 store] 
Database 'C:\Users\Oihan\config\db\bets.temp' is opened by 13932@DESKTOP-RFR36DB

[2022-05-12 02:47:40 #2 store] 
Configuration path: ?

[2022-05-12 02:47:40 #3 type] 
Type domain.Event is not enhanced.

[2022-05-12 02:47:40 #4 type] 
Type domain.Question is not enhanced.

[2022-05-12 02:47:40 #5 type] 
Type domain.Forecast is not enhanced.

[2022-05-12 02:47:40 #6 type] 
Type domain.User is not enhanced.

[2022-05-12 02:47:40 #7 type] 
Type domain.Bet is not enhanced.

[2022-05-12 02:47:40 #8 type] 
Type domain.Card is not enhanced.

[2022-05-12 02:47:40 #9 type] 
Type domain.Transaction is not enhanced.

------------------------------------------------------------------------------------------------------------------------

[2022-05-12 11:26:42 #1 store] 
Database 'C:\Users\Oihan\config\db\bets.temp' is opened by 12568@DESKTOP-RFR36DB

[2022-05-12 11:26:42 #2 store] 
Configuration path: ?

[2022-05-12 11:26:42 #3 type] 
Type domain.Event is not enhanced.

[2022-05-12 11:26:42 #4 type] 
Type domain.Question is not enhanced.

[2022-05-12 11:26:42 #5 type] 
Type domain.Forecast is not enhanced.

[2022-05-12 11:26:42 #6 type] 
Type domain.User is not enhanced.

[2022-05-12 11:26:42 #7 type] 
Type domain.Bet is not enhanced.

[2022-05-12 11:26:42 #8 type] 
Type domain.Card is not enhanced.

[2022-05-12 11:26:42 #9 type] 
Type domain.Transaction is not enhanced.

------------------------------------------------------------------------------------------------------------------------

[2022-05-12 17:42:23 #1 store] 
Database 'C:\Users\Oihan\config\db\bets.temp' is opened by 14648@DESKTOP-RFR36DB

[2022-05-12 17:42:23 #2 store] 
Configuration path: ?

[2022-05-12 17:42:24 #3 type.registry] 
New type domain.Event

[2022-05-12 17:42:24 #4 type] 
Type domain.Event is not enhanced.

[2022-05-12 17:42:24 #5 type.registry] 
New type domain.Question

[2022-05-12 17:42:24 #6 type.registry] 
New type domain.Match

[2022-05-12 17:42:24 #7 type] 
Type domain.Question is not enhanced.

[2022-05-12 17:42:24 #8 type.registry] 
New type domain.Forecast

[2022-05-12 17:42:24 #9 type] 
Type domain.Match is not enhanced.

[2022-05-12 17:42:24 #10 type.registry] 
New type domain.Match$Score

[2022-05-12 17:42:24 #11 type.registry] 
New type domain.Team

[2022-05-12 17:42:24 #12 type.registry] 
New type domain.Competition

[2022-05-12 17:42:24 #13 type] 
Type domain.Forecast is not enhanced.

[2022-05-12 17:42:24 #14 type] 
Type domain.Competition is not enhanced.

[2022-05-12 17:42:24 #15 type.registry] 
New type domain.Area

[2022-05-12 17:42:24 #16 type] 
Type domain.Area is not enhanced.

[2022-05-12 17:42:24 #17 type.registry] 
New type domain.User

[2022-05-12 17:42:24 #18 type] 
Type domain.User is not enhanced.

[2022-05-12 17:42:24 #19 type.registry] 
New type domain.Bet

[2022-05-12 17:42:24 #20 type.registry] 
New type domain.Card

[2022-05-12 17:42:24 #21 type.registry] 
New type byte[]

[2022-05-12 17:42:24 #22 type] 
Type domain.Bet is not enhanced.

[2022-05-12 17:42:24 #23 type] 
Type domain.Card is not enhanced.

[2022-05-12 17:42:24 #24 type.registry] 
New type domain.Transaction

[2022-05-12 17:42:24 #25 type] 
Type domain.Transaction is not enhanced.

[2022-05-12 17:42:25 #26 type.registry] 
New type java.util.ArrayList<java.lang.Object>

[2022-05-12 17:42:25 #27 type.registry] 
New type java.util.ArrayList<domain.Question>

[2022-05-12 17:42:25 #28 type.registry] 
New type java.util.ArrayList<domain.Bet>

[2022-05-12 17:42:25 #29 type.registry] 
New type java.util.ArrayList<domain.Transaction>

[2022-05-12 17:42:25 #30 type.registry] 
New type java.util.ArrayList<domain.Forecast>

------------------------------------------------------------------------------------------------------------------------

[2022-05-12 17:45:44 #1 store] 
Database 'C:\Users\Oihan\config\db\bets.temp' is opened by 22628@DESKTOP-RFR36DB

[2022-05-12 17:45:44 #2 store] 
Configuration path: ?

[2022-05-12 17:45:44 #3 type.registry] 
New type domain.Event

[2022-05-12 17:45:44 #4 type] 
Type domain.Event is not enhanced.

[2022-05-12 17:45:44 #5 type.registry] 
New type domain.Question

[2022-05-12 17:45:44 #6 type.registry] 
New type domain.Match

[2022-05-12 17:45:44 #7 type] 
Type domain.Question is not enhanced.

[2022-05-12 17:45:44 #8 type.registry] 
New type domain.Forecast

[2022-05-12 17:45:44 #9 type] 
Type domain.Match is not enhanced.

[2022-05-12 17:45:44 #10 type.registry] 
New type domain.Match$Score

[2022-05-12 17:45:44 #11 type.registry] 
New type domain.Team

[2022-05-12 17:45:44 #12 type.registry] 
New type domain.Competition

[2022-05-12 17:45:44 #13 type] 
Type domain.Forecast is not enhanced.

[2022-05-12 17:45:44 #14 type] 
Type domain.Competition is not enhanced.

[2022-05-12 17:45:44 #15 type.registry] 
New type domain.Area

[2022-05-12 17:45:44 #16 type] 
Type domain.Area is not enhanced.

[2022-05-12 17:45:44 #17 type.registry] 
New type domain.User

[2022-05-12 17:45:44 #18 type] 
Type domain.User is not enhanced.

[2022-05-12 17:45:44 #19 type.registry] 
New type domain.Bet

[2022-05-12 17:45:44 #20 type.registry] 
New type domain.Card

[2022-05-12 17:45:44 #21 type.registry] 
New type byte[]

[2022-05-12 17:45:44 #22 type] 
Type domain.Bet is not enhanced.

[2022-05-12 17:45:44 #23 type] 
Type domain.Card is not enhanced.

[2022-05-12 17:45:44 #24 type.registry] 
New type domain.Transaction

[2022-05-12 17:45:44 #25 type] 
Type domain.Transaction is not enhanced.

[2022-05-12 17:45:46 #26 type.registry] 
New type java.util.ArrayList<java.lang.Object>

[2022-05-12 17:45:46 #27 type.registry] 
New type java.util.ArrayList<domain.Question>

[2022-05-12 17:45:46 #28 type.registry] 
New type java.util.ArrayList<domain.Bet>

[2022-05-12 17:45:46 #29 type.registry] 
New type java.util.ArrayList<domain.Transaction>

[2022-05-12 17:45:46 #30 type.registry] 
New type java.util.ArrayList<domain.Forecast>

------------------------------------------------------------------------------------------------------------------------

[2022-05-12 17:46:29 #1 store] 
Database 'C:\Users\Oihan\config\db\bets.temp' is opened by 5960@DESKTOP-RFR36DB

[2022-05-12 17:46:29 #2 store] 
Configuration path: ?

[2022-05-12 17:46:29 #3 type.registry] 
New type domain.Event

[2022-05-12 17:46:29 #4 type] 
Type domain.Event is not enhanced.

[2022-05-12 17:46:29 #5 type.registry] 
New type domain.Question

[2022-05-12 17:46:29 #6 type.registry] 
New type domain.Match

[2022-05-12 17:46:29 #7 type] 
Type domain.Question is not enhanced.

[2022-05-12 17:46:29 #8 type.registry] 
New type domain.Forecast

[2022-05-12 17:46:29 #9 type] 
Type domain.Match is not enhanced.

[2022-05-12 17:46:29 #10 type.registry] 
New type domain.Match$Score

[2022-05-12 17:46:29 #11 type.registry] 
New type domain.Team

[2022-05-12 17:46:29 #12 type.registry] 
New type domain.Competition

[2022-05-12 17:46:29 #13 type] 
Type domain.Forecast is not enhanced.

[2022-05-12 17:46:29 #14 type] 
Type domain.Competition is not enhanced.

[2022-05-12 17:46:29 #15 type.registry] 
New type domain.Area

[2022-05-12 17:46:29 #16 type] 
Type domain.Area is not enhanced.

[2022-05-12 17:46:29 #17 type.registry] 
New type domain.User

[2022-05-12 17:46:29 #18 type] 
Type domain.User is not enhanced.

[2022-05-12 17:46:29 #19 type.registry] 
New type domain.Bet

[2022-05-12 17:46:29 #20 type.registry] 
New type domain.Card

[2022-05-12 17:46:29 #21 type.registry] 
New type byte[]

[2022-05-12 17:46:29 #22 type] 
Type domain.Bet is not enhanced.

[2022-05-12 17:46:29 #23 type] 
Type domain.Card is not enhanced.

[2022-05-12 17:46:29 #24 type.registry] 
New type domain.Transaction

[2022-05-12 17:46:29 #25 type] 
Type domain.Transaction is not enhanced.

[2022-05-12 17:46:31 #26 type.registry] 
New type java.util.ArrayList<java.lang.Object>

[2022-05-12 17:46:31 #27 type.registry] 
New type java.util.ArrayList<domain.Question>

[2022-05-12 17:46:31 #28 type.registry] 
New type java.util.ArrayList<domain.Bet>

[2022-05-12 17:46:31 #29 type.registry] 
New type java.util.ArrayList<domain.Transaction>

[2022-05-12 17:46:31 #30 type.registry] 
New type java.util.ArrayList<domain.Forecast>

------------------------------------------------------------------------------------------------------------------------

[2022-05-12 17:53:07 #1 store] 
Database 'C:\Users\Oihan\config\db\bets.temp' is opened by 23232@DESKTOP-RFR36DB

[2022-05-12 17:53:07 #2 store] 
Configuration path: ?

[2022-05-12 17:53:07 #3 type.registry] 
New type domain.Event

[2022-05-12 17:53:07 #4 type] 
Type domain.Event is not enhanced.

[2022-05-12 17:53:07 #5 type.registry] 
New type domain.Question

[2022-05-12 17:53:07 #6 type.registry] 
New type domain.Match

[2022-05-12 17:53:07 #7 type] 
Type domain.Question is not enhanced.

[2022-05-12 17:53:07 #8 type.registry] 
New type domain.Forecast

[2022-05-12 17:53:07 #9 type] 
Type domain.Match is not enhanced.

[2022-05-12 17:53:07 #10 type.registry] 
New type domain.Match$Score

[2022-05-12 17:53:07 #11 type.registry] 
New type domain.Team

[2022-05-12 17:53:07 #12 type.registry] 
New type domain.Competition

[2022-05-12 17:53:07 #13 type] 
Type domain.Forecast is not enhanced.

[2022-05-12 17:53:07 #14 type] 
Type domain.Competition is not enhanced.

[2022-05-12 17:53:07 #15 type.registry] 
New type domain.Area

[2022-05-12 17:53:07 #16 type] 
Type domain.Area is not enhanced.

[2022-05-12 17:53:07 #17 type.registry] 
New type domain.User

[2022-05-12 17:53:07 #18 type] 
Type domain.User is not enhanced.

[2022-05-12 17:53:07 #19 type.registry] 
New type domain.Bet

[2022-05-12 17:53:07 #20 type.registry] 
New type domain.Card

[2022-05-12 17:53:07 #21 type.registry] 
New type byte[]

[2022-05-12 17:53:07 #22 type] 
Type domain.Bet is not enhanced.

[2022-05-12 17:53:07 #23 type] 
Type domain.Card is not enhanced.

[2022-05-12 17:53:07 #24 type.registry] 
New type domain.Transaction

[2022-05-12 17:53:07 #25 type] 
Type domain.Transaction is not enhanced.

[2022-05-12 17:53:08 #26 type.registry] 
New type java.util.ArrayList<java.lang.Object>

[2022-05-12 17:53:08 #27 type.registry] 
New type java.util.ArrayList<domain.Question>

[2022-05-12 17:53:08 #28 type.registry] 
New type java.util.ArrayList<domain.Bet>

[2022-05-12 17:53:08 #29 type.registry] 
New type java.util.ArrayList<domain.Transaction>

[2022-05-12 17:53:08 #30 type.registry] 
New type java.util.ArrayList<domain.Forecast>

------------------------------------------------------------------------------------------------------------------------

[2022-05-12 17:53:44 #1 store] 
Database 'C:\Users\Oihan\config\db\bets.temp' is opened by 18424@DESKTOP-RFR36DB

[2022-05-12 17:53:44 #2 store] 
Configuration path: ?

[2022-05-12 17:53:44 #3 type.registry] 
New type domain.Event

[2022-05-12 17:53:44 #4 type] 
Type domain.Event is not enhanced.

[2022-05-12 17:53:44 #5 type.registry] 
New type domain.Question

[2022-05-12 17:53:44 #6 type.registry] 
New type domain.Match

[2022-05-12 17:53:44 #7 type] 
Type domain.Question is not enhanced.

[2022-05-12 17:53:44 #8 type.registry] 
New type domain.Forecast

[2022-05-12 17:53:44 #9 type] 
Type domain.Match is not enhanced.

[2022-05-12 17:53:44 #10 type.registry] 
New type domain.Match$Score

[2022-05-12 17:53:44 #11 type.registry] 
New type domain.Team

[2022-05-12 17:53:44 #12 type.registry] 
New type domain.Competition

[2022-05-12 17:53:44 #13 type] 
Type domain.Forecast is not enhanced.

[2022-05-12 17:53:44 #14 type] 
Type domain.Competition is not enhanced.

[2022-05-12 17:53:44 #15 type.registry] 
New type domain.Area

[2022-05-12 17:53:44 #16 type] 
Type domain.Area is not enhanced.

[2022-05-12 17:53:44 #17 type.registry] 
New type domain.User

[2022-05-12 17:53:44 #18 type] 
Type domain.User is not enhanced.

[2022-05-12 17:53:44 #19 type.registry] 
New type domain.Bet

[2022-05-12 17:53:44 #20 type.registry] 
New type domain.Card

[2022-05-12 17:53:44 #21 type.registry] 
New type byte[]

[2022-05-12 17:53:44 #22 type] 
Type domain.Bet is not enhanced.

[2022-05-12 17:53:44 #23 type] 
Type domain.Card is not enhanced.

[2022-05-12 17:53:44 #24 type.registry] 
New type domain.Transaction

[2022-05-12 17:53:44 #25 type] 
Type domain.Transaction is not enhanced.

[2022-05-12 17:53:45 #26 type.registry] 
New type java.util.ArrayList<java.lang.Object>

[2022-05-12 17:53:45 #27 type.registry] 
New type java.util.ArrayList<domain.Question>

[2022-05-12 17:53:45 #28 type.registry] 
New type java.util.ArrayList<domain.Bet>

[2022-05-12 17:53:45 #29 type.registry] 
New type java.util.ArrayList<domain.Transaction>

[2022-05-12 17:53:45 #30 type.registry] 
New type java.util.ArrayList<domain.Forecast>

------------------------------------------------------------------------------------------------------------------------

[2022-05-12 20:13:11 #1 store] 
Database 'C:\Users\Oihan\config\db\bets.temp' is opened by 18516@DESKTOP-RFR36DB

[2022-05-12 20:13:11 #2 store] 
Configuration path: ?

[2022-05-12 20:13:12 #3 type.registry] 
New type domain.Event

[2022-05-12 20:13:12 #4 type] 
Type domain.Event is not enhanced.

[2022-05-12 20:13:12 #5 type.registry] 
New type domain.Question

[2022-05-12 20:13:12 #6 type.registry] 
New type domain.Match

[2022-05-12 20:13:12 #7 type] 
Type domain.Question is not enhanced.

[2022-05-12 20:13:12 #8 type.registry] 
New type domain.Forecast

[2022-05-12 20:13:12 #9 type] 
Type domain.Match is not enhanced.

[2022-05-12 20:13:12 #10 type.registry] 
New type domain.Match$Score

[2022-05-12 20:13:12 #11 type.registry] 
New type domain.Team

[2022-05-12 20:13:12 #12 type.registry] 
New type domain.Competition

[2022-05-12 20:13:12 #13 type] 
Type domain.Forecast is not enhanced.

[2022-05-12 20:13:12 #14 type] 
Type domain.Competition is not enhanced.

[2022-05-12 20:13:12 #15 type.registry] 
New type domain.Area

[2022-05-12 20:13:12 #16 type] 
Type domain.Area is not enhanced.

[2022-05-12 20:13:12 #17 type.registry] 
New type domain.User

[2022-05-12 20:13:12 #18 type] 
Type domain.User is not enhanced.

[2022-05-12 20:13:12 #19 type.registry] 
New type domain.Bet

[2022-05-12 20:13:12 #20 type.registry] 
New type domain.Card

[2022-05-12 20:13:12 #21 type.registry] 
New type byte[]

[2022-05-12 20:13:12 #22 type] 
Type domain.Bet is not enhanced.

[2022-05-12 20:13:12 #23 type] 
Type domain.Card is not enhanced.

[2022-05-12 20:13:12 #24 type.registry] 
New type domain.Transaction

[2022-05-12 20:13:12 #25 type] 
Type domain.Transaction is not enhanced.

[2022-05-12 20:13:13 #26 type.registry] 
New type java.util.ArrayList<java.lang.Object>

[2022-05-12 20:13:13 #27 type.registry] 
New type java.util.ArrayList<domain.Question>

[2022-05-12 20:13:13 #28 type.registry] 
New type java.util.ArrayList<domain.Bet>

[2022-05-12 20:13:13 #29 type.registry] 
New type java.util.ArrayList<domain.Transaction>

[2022-05-12 20:13:13 #30 type.registry] 
New type java.util.ArrayList<domain.Forecast>

