------------------------------------------------------------------------------------------------------------------------

[2022-05-11 23:52:42 #1 store] 
Database 'C:\Users\Oihan\config\db\bets.temp' is opened by 11064@DESKTOP-RFR36DB

[2022-05-11 23:52:42 #2 store] 
Configuration path: ?

[2022-05-11 23:52:42 #3 type.registry] 
New type domain.Event

[2022-05-11 23:52:42 #4 type] 
Type domain.Event is not enhanced.

[2022-05-11 23:52:42 #5 type.registry] 
New type domain.Question

[2022-05-11 23:52:42 #6 type] 
Type domain.Question is not enhanced.

[2022-05-11 23:52:42 #7 type.registry] 
New type domain.Forecast

[2022-05-11 23:52:42 #8 type] 
Type domain.Forecast is not enhanced.

[2022-05-11 23:52:42 #9 type.registry] 
New type domain.User

[2022-05-11 23:52:42 #10 type] 
Type domain.User is not enhanced.

[2022-05-11 23:52:42 #11 type.registry] 
New type domain.Bet

[2022-05-11 23:52:42 #12 type.registry] 
New type domain.Card

[2022-05-11 23:52:42 #13 type.registry] 
New type byte[]

[2022-05-11 23:52:42 #14 type] 
Type domain.Bet is not enhanced.

[2022-05-11 23:52:42 #15 type] 
Type domain.Card is not enhanced.

[2022-05-11 23:52:42 #16 type.registry] 
New type domain.Transaction

[2022-05-11 23:52:42 #17 type] 
Type domain.Transaction is not enhanced.

[2022-05-11 23:52:42 #18 type.registry] 
New type java.util.ArrayList<java.lang.Object>

[2022-05-11 23:52:42 #19 type.registry] 
New type java.util.ArrayList<domain.Question>

[2022-05-11 23:52:42 #20 type.registry] 
New type java.util.ArrayList<domain.Bet>

[2022-05-11 23:52:42 #21 type.registry] 
New type java.util.ArrayList<domain.Transaction>

[2022-05-11 23:52:42 #22 type.registry] 
New type java.util.ArrayList<domain.Forecast>

------------------------------------------------------------------------------------------------------------------------

[2022-05-11 23:58:17 #1 store] 
Database 'C:\Users\Oihan\config\db\bets.temp' is opened by 9480@DESKTOP-RFR36DB

[2022-05-11 23:58:17 #2 store] 
Configuration path: ?

[2022-05-11 23:58:17 #3 type.registry] 
New type domain.Event

[2022-05-11 23:58:17 #4 type] 
Type domain.Event is not enhanced.

[2022-05-11 23:58:17 #5 type.registry] 
New type domain.Question

[2022-05-11 23:58:17 #6 type] 
Type domain.Question is not enhanced.

[2022-05-11 23:58:17 #7 type.registry] 
New type domain.Forecast

[2022-05-11 23:58:17 #8 type] 
Type domain.Forecast is not enhanced.

[2022-05-11 23:58:17 #9 type.registry] 
New type domain.User

[2022-05-11 23:58:17 #10 type] 
Type domain.User is not enhanced.

[2022-05-11 23:58:17 #11 type.registry] 
New type domain.Bet

[2022-05-11 23:58:17 #12 type.registry] 
New type domain.Card

[2022-05-11 23:58:17 #13 type.registry] 
New type byte[]

[2022-05-11 23:58:17 #14 type] 
Type domain.Bet is not enhanced.

[2022-05-11 23:58:17 #15 type] 
Type domain.Card is not enhanced.

[2022-05-11 23:58:17 #16 type.registry] 
New type domain.Transaction

[2022-05-11 23:58:17 #17 type] 
Type domain.Transaction is not enhanced.

[2022-05-11 23:58:17 #18 type.registry] 
New type java.util.ArrayList<java.lang.Object>

[2022-05-11 23:58:17 #19 type.registry] 
New type java.util.ArrayList<domain.Question>

[2022-05-11 23:58:17 #20 type.registry] 
New type java.util.ArrayList<domain.Bet>

[2022-05-11 23:58:17 #21 type.registry] 
New type java.util.ArrayList<domain.Transaction>

[2022-05-11 23:58:17 #22 type.registry] 
New type java.util.ArrayList<domain.Forecast>

