------------------------------------------------------------------------------------------------------------------------

[2022-02-22 11:33:05 #1 store] 
Database 'C:\Patortuguita Virtual\UPV\2 - Segundo Cuatrimestre\Software Engineering\.git\betandruin2022\db\bets.temp' is opened by 12200@DESKTOP-MTCF4P8

[2022-02-22 11:33:05 #2 store] 
Configuration path: ?

[2022-02-22 11:33:05 #3 type] 
Type domain.Question is not enhanced.

[2022-02-22 11:33:05 #4 type] 
Type domain.Event is not enhanced.

------------------------------------------------------------------------------------------------------------------------

[2022-02-22 11:37:08 #1 store] 
Database 'C:\Patortuguita Virtual\UPV\2 - Segundo Cuatrimestre\Software Engineering\.git\betandruin2022\db\bets.temp' is opened by 1612@DESKTOP-MTCF4P8

[2022-02-22 11:37:08 #2 store] 
Configuration path: ?

[2022-02-22 11:37:08 #3 type] 
Type domain.Question is not enhanced.

[2022-02-22 11:37:08 #4 type] 
Type domain.Event is not enhanced.

------------------------------------------------------------------------------------------------------------------------

[2022-02-22 11:38:06 #1 store] 
Database 'C:\Patortuguita Virtual\UPV\2 - Segundo Cuatrimestre\Software Engineering\.git\betandruin2022\db\bets.temp' is opened by 4244@DESKTOP-MTCF4P8

[2022-02-22 11:38:06 #2 store] 
Configuration path: ?

[2022-02-22 11:38:06 #3 type] 
Type domain.Question is not enhanced.

[2022-02-22 11:38:06 #4 type] 
Type domain.Event is not enhanced.

------------------------------------------------------------------------------------------------------------------------

[2022-02-22 11:38:49 #1 store] 
Database 'C:\Patortuguita Virtual\UPV\2 - Segundo Cuatrimestre\Software Engineering\.git\betandruin2022\db\bets.temp' is opened by 12900@DESKTOP-MTCF4P8

[2022-02-22 11:38:49 #2 store] 
Configuration path: ?

[2022-02-22 11:38:49 #3 type] 
Type domain.Question is not enhanced.

[2022-02-22 11:38:49 #4 type] 
Type domain.Event is not enhanced.

------------------------------------------------------------------------------------------------------------------------

[2022-02-22 11:42:13 #1 store] 
Database 'C:\Patortuguita Virtual\UPV\2 - Segundo Cuatrimestre\Software Engineering\.git\betandruin2022\db\bets.temp' has been recovered (tr. 1-5)

[2022-02-22 11:42:13 #2 store] 
Database 'C:\Patortuguita Virtual\UPV\2 - Segundo Cuatrimestre\Software Engineering\.git\betandruin2022\db\bets.temp' is opened by 3776@DESKTOP-MTCF4P8

[2022-02-22 11:42:13 #3 store] 
Configuration path: ?

[2022-02-22 11:42:13 #4 type] 
Type domain.Question is not enhanced.

[2022-02-22 11:42:13 #5 type] 
Type domain.Event is not enhanced.

------------------------------------------------------------------------------------------------------------------------

[2022-02-22 11:42:40 #1 store] 
Database 'C:\Patortuguita Virtual\UPV\2 - Segundo Cuatrimestre\Software Engineering\.git\betandruin2022\db\bets.temp' has been recovered (tr. 6-6)

[2022-02-22 11:42:40 #2 store] 
Database 'C:\Patortuguita Virtual\UPV\2 - Segundo Cuatrimestre\Software Engineering\.git\betandruin2022\db\bets.temp' is opened by 8504@DESKTOP-MTCF4P8

[2022-02-22 11:42:40 #3 store] 
Configuration path: ?

[2022-02-22 11:42:40 #4 type] 
Type domain.Question is not enhanced.

[2022-02-22 11:42:40 #5 type] 
Type domain.Event is not enhanced.

